【 php 】2019-11-19 18:58:21
【 php 】2019-11-21 18:48:07
【 php 】2019-11-21 18:48:11
【 php 】2019-11-21 20:29:50
【 php 】2019-11-21 20:45:29
【 礼物 】2019-11-22 10:27:19
【 礼物 】2019-11-22 10:27:30
【 null  】2019-11-29 13:53:49
【 php 】2019-11-29 13:53:52
【 php 】2019-11-29 13:53:55
【 php 】2019-11-29 13:55:05
【 php 】2019-11-29 13:55:32
【 php 】2019-11-29 14:08:11
【 php 】2019-11-29 14:08:40
【 php 】2019-11-29 14:13:06
【 php 】2019-11-29 14:15:19
【 null  】2019-12-04 13:44:46
【 null  】2019-12-04 13:44:57
【 【爆款推荐】颈椎按摩器肩颈家用电动多功能护颈仪脖子智能加热肩部颈部按摩仪  】2019-12-04 13:45:01
【 null  】2019-12-04 13:56:48
【 苹果水果新鲜当季10斤批一箱应季脆甜陕西红富士冰糖心丑苹果整箱 】2019-12-04 13:56:50
【 null  】2019-12-04 13:58:45
【 超厚特厚羊羔绒打底裤女裤冬季加绒加厚外穿高腰一体裤保暖裤棉裤 】2019-12-04 13:58:47
