2019-11-22 13:42:04
{"data":{"model":"￥hIP5Ywg7qCQ￥"},"request_id":"u7bcj7wvi68y"}
2019-11-22 13:49:39
{"code":15,"msg":"Remote service error","sub_code":"20000","sub_msg":"口令跳转url不支持口令转换","request_id":"fnnl5ew66ga5"}
2019-11-22 13:51:47
{"code":15,"msg":"Remote service error","sub_code":"20000","sub_msg":"口令跳转url不支持口令转换","request_id":"5gd7gyu0ecqh"}
2019-11-22 15:17:39
{"data":{"model":"￥aJXfYwTy2kw￥"},"request_id":"oq3f2st6nha5"}
2019-11-22 17:28:13
{"code":15,"msg":"Remote service error","sub_code":"20000","sub_msg":"口令跳转url不支持口令转换","request_id":"67onuoemliiy"}
2019-11-22 17:29:24
{"code":15,"msg":"Remote service error","sub_code":"20000","sub_msg":"口令跳转url不支持口令转换","request_id":"60hveitniu5c"}
2019-11-22 17:29:35
{"code":15,"msg":"Remote service error","sub_code":"20000","sub_msg":"口令跳转url不支持口令转换","request_id":"ui5ixar5eu4r"}
2019-11-27 13:28:10
{"data":{"model":"￥pcSQYDtid0P￥"},"request_id":"6b9a5zu9gsv8"}
2019-11-27 17:18:17
{"data":{"model":"￥xWhsYDvRTs7￥"},"request_id":"6i7hxxvw6v6u"}
2019-11-28 09:16:59
{"data":{"model":"￥Un8PYxaEhvt￥"},"request_id":"4qqtfodhq1r7"}
2019-11-28 11:28:22
{"data":{"model":"￥7qK9Yxb2AIz￥"},"request_id":"o3smxs7i3718"}
