【 php 】2019-11-19 18:58:21
【 php 】2019-11-21 18:48:07
【 php 】2019-11-21 18:48:11
【 php 】2019-11-21 20:29:50
【 php 】2019-11-21 20:45:29
【 礼物 】2019-11-22 10:27:19
【 礼物 】2019-11-22 10:27:30
【 null  】2019-11-29 13:53:49
【 php 】2019-11-29 13:53:52
【 php 】2019-11-29 13:53:55
【 php 】2019-11-29 13:55:05
【 php 】2019-11-29 13:55:32
【 php 】2019-11-29 14:08:11
【 php 】2019-11-29 14:08:40
【 php 】2019-11-29 14:13:06
【 php 】2019-11-29 14:15:19
【 null  】2019-12-03 23:04:29
【 null  】2019-12-03 23:05:30
【 脏衣篮洗衣篮脏衣服收纳筐家用衣篓装放衣服框藤编篮子脏衣篓神器 】2019-12-06 20:01:28
【 脏衣篮 】2019-12-06 20:02:06
【 脏衣篮 】2019-12-06 20:02:22
【 脏衣篮洗衣篮脏衣服收纳筐家用衣篓装放衣服框藤编篮子脏衣篓神器 】2019-12-06 20:03:51
【 脏衣篮洗衣篮脏衣服收纳筐家用衣篓装放衣服框藤编篮子脏衣篓神器 】2019-12-06 20:03:56
【 脏衣篮洗衣篮脏衣服收纳筐家用衣篓装放衣服框藤编篮子脏衣篓神器 】2019-12-06 20:04:43
【 脏衣篮洗衣篮脏衣服收纳筐家用衣篓装放衣服框藤编篮子脏衣篓神器 】2019-12-06 20:36:00
【 脏衣篮洗衣篮脏衣服收纳筐家用衣篓装放衣服框藤编篮子脏衣篓神器 】2019-12-06 20:36:11
【 脏衣篮洗衣篮脏衣服收纳筐家用衣篓装放衣服框藤编篮子脏衣篓神器 】2019-12-06 20:36:26
【 脏衣篮洗衣篮脏衣服收纳筐家用衣篓装放衣服框藤编篮子脏衣篓神器 】2019-12-06 20:37:08
【 脏衣篮洗衣篮脏衣服收纳筐家用衣篓装放衣服框藤编篮子脏衣篓神器 】2019-12-06 20:41:08
【 脏衣篮洗衣篮脏衣服收纳筐家用衣篓装放衣服框藤编篮子脏衣篓神器 】2019-12-06 20:41:20
【 脏衣篮洗衣篮脏衣服收纳筐家用衣篓装放衣服框藤编篮子脏衣篓神器 】2019-12-06 20:41:32
【 手机 】2019-12-06 20:42:29
【 手机 】2019-12-06 20:42:33
【 脏衣篮洗衣篮脏衣服收纳筐家用衣篓装放衣服框藤编篮子脏衣篓神器 】2019-12-06 20:42:55
【 脏衣篮洗衣篮脏衣服收纳筐家用衣篓装放衣服框藤编篮子脏衣篓神器 】2019-12-06 20:43:11
【 脏衣篮洗衣篮脏衣服收纳筐家用衣篓装放衣服框藤编篮子脏衣篓神器 】2019-12-06 20:43:22
【 脏衣篮洗衣篮脏衣服收纳筐家用衣篓装放衣服框藤编篮子脏衣篓神器 】2019-12-06 20:43:39
【 脏衣篮洗衣篮脏衣服收纳筐家用衣篓装放衣服框藤编篮子脏衣篓神器 】2019-12-06 20:43:44
【 脏衣篮洗衣篮脏衣服收纳筐家用衣篓装放衣服框藤编篮子脏衣篓神器 】2019-12-06 20:43:48
【 脏衣篮洗衣篮脏衣服收纳筐家用衣篓装放衣服框藤编篮子脏衣篓神器 】2019-12-06 21:00:25
【 比比赞松露巧克力零食小吃圣诞糖果喜糖散装休闲食品（代可可脂） 】2019-12-08 18:54:38
【 比比赞松露巧克力零食小吃圣诞糖果喜糖散装休闲食品（代可可脂） 】2019-12-08 18:55:01
【 比比赞松露巧克力零食小吃圣诞糖果喜糖散装休闲食品（代可可脂） 】2019-12-08 18:55:08
【 比比赞松露巧克力零食小吃圣诞糖果喜糖散装休闲食品（代可可脂） 】2019-12-08 18:55:14
【 比比赞松露巧克力零食小吃圣诞糖果喜糖散装休闲食品（代可可脂） 】2019-12-08 18:55:21
【 加绒加厚冬季工装羽绒棉服女韩版宽松bf中长款学生显瘦棉衣外套潮 】2019-12-15 20:20:52
【 雅利阿道夫洗发水轻柔洗护800ml大瓶男女 】2019-12-15 20:21:30
【 筷子家用酒店高档餐具合金筷子10双装日式快子家庭防滑非实木筷子 【包邮】 】2019-12-15 20:23:16
【 云南古法黑糖姜茶玫瑰纯正调理土老红糖块手工正品气血单独小包装 【包邮】 】2019-12-15 21:23:16
【 云南古法黑糖姜茶玫瑰纯正调理土老红糖块手工正品气血单独小包装 【包邮】 】2019-12-15 21:23:54
【 云南古法黑糖姜茶玫瑰纯正调理土老红糖块手工正品气血单独小包装 【包邮】 】2019-12-15 21:24:00
【 云南古法黑糖姜茶玫瑰纯正调理土老红糖块手工正品气血单独小包装 【包邮】 】2019-12-15 21:24:07
【 云南古法黑糖姜茶玫瑰纯正调理土老红糖块手工正品气血单独小包装+【包邮】 】2019-12-15 21:24:12
【 山水蓝牙耳机 】2019-12-15 21:49:11
【 云南古法黑糖姜茶玫瑰纯正调理土老红糖块手工正品气血单独小包装 】2019-12-15 22:23:50
【 云南古法黑糖姜茶玫瑰纯正调理土老红糖块手工正品气血单独小包装 】2019-12-15 22:29:39
【 中国李宁2019新款纽约时装周系列同款男女装短款拼色棉服AJMP031 】2019-12-17 00:15:21
【 中国李宁2019新款纽约时装周系列同款男女装短款拼色棉服AJMP031 】2019-12-17 00:15:24
【 中国李宁2019新款纽约时装周系列同款男女装短款拼色棉服AJMP031 】2019-12-17 00:15:29
【 中国李宁2019新款纽约时装周系列同款男女装短款拼色棉服AJMP031 】2019-12-17 00:15:33
