2019-11-22 13:42:04
{"result":{"model":{"rights_id":"S%2BJuiwspelY2CfH92VQlQqJ7%2BkHL3AEW","send_url":"https:\/\/uland.taobao.com\/taolijin\/edetail?eh=aGPHDin%2B4YKZuQF0XRz0iAXoB%2BDaBK5LQS0Flu%2FfbSp4QsdWMikAalrisGmre1Id0BFAqRODu11A9na2yRwbdMrjG5MD0Siv1%2FyRc8386VhL10wcj%2Fb1%2FiH6uqoYBiRTHmFkP3%2BVZhbhMLe%2ByTjXZENSLYZ0Y7qXDhdeMwwGQlMNPFgv0tpQ0SbEcvCyfFGMOIjqepHjPv4Ht1j3L8s1SBCMLkFKEzTDl8Wjd9nrxM5CO0JhmnseD2EsWyyh1792gXunOP1FC0%2F%2BcBVGuURu7Y1J1dE2yfYoRYwpIuVYADcCGruttYDvNg%3D%3D&union_lens=lensId%3A0bb793a8_0c17_16e91a1ee6c_d6a1%3Btraffic_flag%3Dlm"},"success":true},"request_id":"16n593o48klet"}
2019-11-22 15:17:38
{"result":{"model":{"rights_id":"I2Tcxb7m20OjrbtLmbWlSKJ7%2BkHL3AEW","send_url":"https:\/\/uland.taobao.com\/taolijin\/edetail?eh=6E2Dets5NKaZuQF0XRz0iAXoB%2BDaBK5LQS0Flu%2FfbSp4QsdWMikAalrisGmre1Id0BFAqRODu10qam07Ps24SwI8G7O9JlpL1%2FyRc8386VhL10wcj%2Fb1%2FiH6uqoYBiRTHmFkP3%2BVZhbhMLe%2ByTjXZENSLYZ0Y7qXDhdeMwwGQlMNPFgv0tpQ0SbEcvCyfFGMp1yj3GK2Vs9EW1LyokcOoobtmtVyjHvh9ZOyNnPpz%2B5sKPe4eS6tGEfhD9j1u6L10Tx8dvizjpv%2BcBVGuURu7Y1J1dE2yfYoRYwpIuVYADcCGruttYDvNg%3D%3D&union_lens=lensId%3A0b0b4eab_0c0b_16e91f96616_dc81%3Btraffic_flag%3Dlm"},"success":true},"request_id":"847kjyejgerr"}
2019-11-27 11:04:12
{"code":11,"msg":"Insufficient isv permissions","sub_code":"isv.permission-ip-whitelist-limit","sub_msg":"The appkey 28026649 is only allowed to call from its ip white list, but the source ip 27.19.191.49 is not included","request_id":"lptjobt0bc4e"}
2019-11-27 11:06:12
{"result":{"msg_code":"FAIL_BIZ_PARAMS_ERROR","msg_info":"该商品今日创建淘礼金的个数已达上限","success":false},"request_id":"haw0gtre23gw"}
2019-11-27 13:28:10
{"result":{"model":{"rights_id":"3MTmZRsLCeO3uO%2F4WTtCiqJ7%2BkHL3AEW","send_url":"https:\/\/uland.taobao.com\/taolijin\/edetail?eh=FHYDugwut12ZuQF0XRz0iAXoB%2BDaBK5LQS0Flu%2FfbSp4QsdWMikAalrisGmre1Id0BFAqRODu11YEyWKpxN7vEgyR3wbz2wf1%2FyRc8386VhL10wcj%2Fb1%2FiH6uqoYBiRTHmFkP3%2BVZhbhMLe%2ByTjXZENSLYZ0Y7qXDhdeMwwGQlMNPFgv0tpQ0SbEcvCyfFGMbbmSdzNmWLmnNgT0dFQRbZHH8ZHIGXpS1dnNsvAYPhcW3V6TuU0Xgd0GMk%2FsKwLGV4%2Bll%2Fm52dUxexgxiXA5ED9vsyR9OUn2bDJv4O9i8d0JP8D1%2BglCLSUzVkkdwsIm&union_lens=lensId%3A0b0b4dca_0c4d_16eab552114_7183%3Btraffic_flag%3Dlm"},"success":true},"request_id":"5w822f9wjj3c"}
2019-11-27 15:42:01
{"result":{"msg_code":"FAIL_BIZ_PARAMS_ERROR","msg_info":"该商品今日创建淘礼金的个数已达上限","success":false},"request_id":"10eogyrjltqsw"}
2019-11-27 17:18:16
{"result":{"model":{"rights_id":"NVdDj8JIUEMZq6sXpc3lJqJ7%2BkHL3AEW","send_url":"https:\/\/uland.taobao.com\/taolijin\/edetail?eh=12AGYmiMDeCZuQF0XRz0iAXoB%2BDaBK5LQS0Flu%2FfbSp4QsdWMikAalrisGmre1Id0BFAqRODu138TPK9rPGbJWsf8vEUNIEK1%2FyRc8386VhL10wcj%2Fb1%2FiH6uqoYBiRTHmFkP3%2BVZhbhMLe%2ByTjXZENSLYZ0Y7qXDhdeMwwGQlMNPFgv0tpQ0SbEcvCyfFGMq8FezF01JUd3g4DJmfEboZ9CnQl%2BsxOwhUnjBKxWtR5Rp2CA5m4jCNH0aQMCkYUkirhZMpM6lM8xexgxiXA5ED9vsyR9OUn2bDJv4O9i8d0JP8D1%2BglCLSUzVkkdwsIm&union_lens=lensId%3A0b1b9431_0c98_16eac27c971_d739%3Btraffic_flag%3Dlm"},"success":true},"request_id":"6lwm8m2qmvkc"}
2019-11-28 09:16:59
{"result":{"model":{"rights_id":"c3XoKid5NpCBrdJKfYGUJaJ7%2BkHL3AEW","send_url":"https:\/\/uland.taobao.com\/taolijin\/edetail?eh=RvZdhU0MzeaZuQF0XRz0iAXoB%2BDaBK5LQS0Flu%2FfbSp4QsdWMikAalrisGmre1Id0BFAqRODu11G5%2FWNao0sCvzgbUYneiUi1%2FyRc8386VhL10wcj%2Fb1%2FiH6uqoYBiRTHmFkP3%2BVZhbhMLe%2ByTjXZENSLYZ0Y7qXDhdeMwwGQlMNPFgv0tpQ0SbEcvCyfFGMQI0yBdn%2BXPh%2BFxzCCkSGawjvCa%2BcvQR9n%2Fq5xDofEnEi7iT%2Fm6P7HK%2BlDR0li5yfn4yPwVGc4PzcQrNyb0ac3hVaN9HlETXhasDqmcapORh%2BOHfs5nLQGA%3D%3D&union_lens=lensId%3A0b154ec8_0c7c_16eaf958cdc_1cd8%3Btraffic_flag%3Dlm"},"success":true},"request_id":"o566elrnpngm"}
2019-11-28 11:28:22
{"result":{"model":{"rights_id":"XePn7qUGkbn4LFlKTtCrIaJ7%2BkHL3AEW","send_url":"https:\/\/uland.taobao.com\/taolijin\/edetail?eh=2%2BrV%2BXewzhmZuQF0XRz0iAXoB%2BDaBK5LQS0Flu%2FfbSp4QsdWMikAalrisGmre1Id0BFAqRODu11RTjY5kK9N5Urd4yAw8OAh1%2FyRc8386VhL10wcj%2Fb1%2FiH6uqoYBiRTHmFkP3%2BVZhbhMLe%2ByTjXZENSLYZ0Y7qXDhdeMwwGQlMNPFgv0tpQ0SbEcvCyfFGMxGKeNKFJA9J7V5I48Mqi0RCMLkFKEzTDB4KHFlUksgP5vpykpPhK9iDT3UZQULrH8%2FRj5SgbP%2FL%2BcBVGuURu7Y1J1dE2yfYoRYwpIuVYADdroXBFP6oz%2BA%3D%3D&union_lens=lensId%3A0b0b1f78_0c8b_16eb00dd297_45da%3Btraffic_flag%3Dlm"},"success":true},"request_id":"5nmfeom3cy6z"}
2019-11-28 17:23:48
{"result":{"model":{"rights_id":"VVBR9rZJxAGxWP5q9%2BS8hKJ7%2BkHL3AEW","send_url":"https:\/\/uland.taobao.com\/taolijin\/edetail?eh=gmq1PzTke6GZuQF0XRz0iAXoB%2BDaBK5LQS0Flu%2FfbSp4QsdWMikAalrisGmre1Id0BFAqRODu10tU%2F3qYQYwxE3gqe6tR5o31%2FyRc8386VhL10wcj%2Fb1%2FiH6uqoYBiRTHmFkP3%2BVZhbhMLe%2ByTjXZENSLYZ0Y7qXDhdeMwwGQlMNPFgv0tpQ0SbEcvCyfFGMcGumIUstftx3kB6z0iWb%2FZHH8ZHIGXpSs7NIlieqVoaHX%2BhzdYEU5nbRaQ7q5Ndom4Dj4nQIQe%2F%2BcBVGuURu7Y1J1dE2yfYoRYwpIuVYADcCGruttYDvNg%3D%3D&union_lens=lensId%3A0b1b7c16_0c0e_16eb15338df_9526%3Btraffic_flag%3Dlm"},"success":true},"request_id":"53nb1cfp9v7i"}
2019-11-28 17:27:51
{"result":{"model":{"rights_id":"xGv2AZ637bcImgmDUuYVwqJ7%2BkHL3AEW","send_url":"https:\/\/uland.taobao.com\/taolijin\/edetail?eh=aoN2i6RSFBqZuQF0XRz0iAXoB%2BDaBK5LQS0Flu%2FfbSp4QsdWMikAalrisGmre1Id0BFAqRODu10tU%2F3qYQYwxE3gqe6tR5o31%2FyRc8386VhL10wcj%2Fb1%2FiH6uqoYBiRTHmFkP3%2BVZhbhMLe%2ByTjXZENSLYZ0Y7qXDhdeMwwGQlMNPFgv0tpQ0SbEcvCyfFGMcGumIUstftx3kB6z0iWb%2FZHH8ZHIGXpSs7NIlieqVoYPZ8QkSGf8e3bRaQ7q5Ndom4Dj4nQIQe%2F%2BcBVGuURu7Y1J1dE2yfYoRYwpIuVYADcCGruttYDvNg%3D%3D&union_lens=lensId%3A0b1b7c16_0c0e_16eb156ee0a_959a%3Btraffic_flag%3Dlm"},"success":true},"request_id":"2yd4z6fn5cv0"}
2019-11-28 17:32:16
{"result":{"model":{"rights_id":"VVvJoPSoFJ%2BPm%2BBjhF5tY6J7%2BkHL3AEW","send_url":"https:\/\/uland.taobao.com\/taolijin\/edetail?eh=ZR1ZDVYqqRWZuQF0XRz0iAXoB%2BDaBK5LQS0Flu%2FfbSp4QsdWMikAalrisGmre1Id0BFAqRODu10tU%2F3qYQYwxE3gqe6tR5o31%2FyRc8386VhL10wcj%2Fb1%2FiH6uqoYBiRTHmFkP3%2BVZhbhMLe%2ByTjXZENSLYZ0Y7qXDhdeMwwGQlMNPFgv0tpQ0SbEcvCyfFGMcGumIUstftx3kB6z0iWb%2FZHH8ZHIGXpSs7NIlieqVobDaeYT2h%2FmlXbRaQ7q5Ndom4Dj4nQIQe%2F%2BcBVGuURu7Y1J1dE2yfYoRYwpIuVYADcCGruttYDvNg%3D%3D&union_lens=lensId%3A0b0b4eab_0c0b_16eb15af829_8e95%3Btraffic_flag%3Dlm"},"success":true},"request_id":"4cmun3m93wkx"}
2019-11-29 12:15:32
{"result":{"msg_code":"FAIL_BIZ_PARAMS_ERROR","msg_info":"该商品今日创建淘礼金的个数已达上限","success":false},"request_id":"143ee45jm4s6k"}
2019-11-29 14:13:14
{"result":{"msg_code":"FAIL_BIZ_PARAMS_ERROR","msg_info":"单个红包面额必须大于等于1.00","success":false},"request_id":"2tgsujlakk1t"}
2019-12-05 22:27:21
{"result":{"model":{"rights_id":"%2BlygcSe8ggdImmuKMEN4GTcK2v3ZVS%2Fe","send_url":"https:\/\/uland.taobao.com\/taolijin\/edetail?eh=MMFZ9O%2FxuhWZuQF0XRz0iAXoB%2BDaBK5LQS0Flu%2FfbSp4QsdWMikAalrisGmre1Id0BFAqRODu13AJNnQECfX3Ie0N1r8uLOg1%2FyRc8386VhL10wcj%2Fb1%2FiH6uqoYBiRTHmFkP3%2BVZhbhMLe%2ByTjXZENSLYZ0Y7qXDhdeMwwGQlMNPFgv0tpQ0SbEcvCyfFGMxGKeNKFJA9J0jZAO8ch2Ks5L3gPiEfFzpYqq1b1beo2IG3ZMzziPHrK%2FHcG6mQ3D0U4W3MnfW4YUaXUnsIA1uo2nmxfVvdVf8UWdNg6VcHqdSoYdoEE2iA%3D%3D&union_lens=lensId%3A0b1504bf_0b9b_16ed6754edf_180b%3Btraffic_flag%3Dlm"},"success":true},"request_id":"ii8aorgmsz7p"}
2019-12-06 19:42:28
{"result":{"msg_code":"FAIL_BIZ_PARAMS_ERROR","msg_info":"该商品今日创建淘礼金的个数已达上限","success":false},"request_id":"6v5zj625h34x"}
2019-12-06 20:55:50
{"result":{"model":{"rights_id":"ou2RzFQ5aMMtZ34jjFotkzzp2zdaySTT","send_url":"https:\/\/uland.taobao.com\/taolijin\/edetail?eh=5P1vdiKm7TCZuQF0XRz0iAXoB%2BDaBK5LQS0Flu%2FfbSp4QsdWMikAalrisGmre1Id0BFAqRODu11Zbb0l1gTtAIMVVlzRICYDof0SOZGWdl9OkvaB%2BEgm%2FnwE%2B6IL%2B7zclGJaMVQGdZZdBId2C46yq7B19VciFcbYM5r10Xcp%2B5x6RoNmdO6PyWNtGZBKkTeouU%2BaMGl43JjF7e6o7w984u9L02t3YMA55n90cVUxjEJaMnNWK1wBphwxmhMwvROogo5c8ZNnD6zcQrNyb0ac3hVaN9HlETXhasDqmcapORh%2BOHfs5nLQGA%3D%3D&union_lens=lensId%3A0b1ae412_0c80_16edb47ddbf_b9eb%3Btraffic_flag%3Dlm"},"success":true},"request_id":"ezt4fixwt817"}
2019-12-06 21:37:12
{"result":{"msg_code":"FAIL_BIZ_PARAMS_ERROR","msg_info":"该商品今日创建淘礼金的个数已达上限","success":false},"request_id":"5qt3udyj776o"}
2019-12-08 21:36:52
{"result":{"model":{"rights_id":"5CoIH5JVYIPuVpuLWq3cWrP4QQhfWSYC","send_url":"https:\/\/uland.taobao.com\/taolijin\/edetail?eh=lKsNwjkvLZeZuQF0XRz0iAXoB%2BDaBK5LQS0Flu%2FfbSp4QsdWMikAalrisGmre1Id0BFAqRODu11SPtAozYfdVuh9DvoyI1QH1%2FyRc8386VhL10wcj%2Fb1%2FiH6uqoYBiRTHmFkP3%2BVZhbhMLe%2ByTjXZENSLYZ0Y7qXDhdeMwwGQlMNPFgv0tpQ0SbEcvCyfFGMRDZm6%2BbXFmY2%2B226Az4B3MecB8Qea24YmBTlb2jCQQDZdLQcWqGppqIf9lF8LQ6e8X3j8BdqVYb%2BcBVGuURu7Y1J1dE2yfYoRYwpIuVYADcCGruttYDvNg%3D%3D&union_lens=lensId%3A0b0fd54e_0c1c_16ee5ba2577_d325%3Btraffic_flag%3Dlm"},"success":true},"request_id":"pr4j5aud90i5"}
2019-12-08 22:01:22
{"result":{"msg_code":"FAIL_BIZ_ITEM_FORBIDDEN","msg_info":"该商品不支持创建淘礼金红包，了解详细规则：https:\/\/mo.re.taobao.com\/page_201905042138222","success":false},"request_id":"4uqrt18lmbhi"}
2019-12-12 00:04:44
{"result":{"model":{"rights_id":"X2dE%2FDibbIn8yti9G6det4D0X04J4a2T","send_url":"https:\/\/uland.taobao.com\/taolijin\/edetail?eh=LU%2ByhW33WECZuQF0XRz0iAXoB%2BDaBK5LQS0Flu%2FfbSp4QsdWMikAalrisGmre1Id0BFAqRODu12FvPX1momNL2mJuLxkhU%2Fo1%2FyRc8386VhL10wcj%2Fb1%2FiH6uqoYBiRTHmFkP3%2BVZhbhMLe%2ByTjXZENSLYZ0Y7qXDhdeMwwGQlMNPFgv0tpQ0SbEcvCyfFGMxGKeNKFJA9IoEh2tMNkP959CnQl%2BsxOw2rkTc6UMH9LKypbnvu1mgMnNHOtylJ8ni%2B0wSkOVSUcUaXUnsIA1uo2nmxfVvdVf8UWdNg6VcHqdSoYdoEE2iA%3D%3D&union_lens=lensId%3A0b0b1f78_0c8b_16ef5b4999e_a296%3Btraffic_flag%3Dlm"},"success":true},"request_id":"41yhkovw9grm"}
2019-12-12 00:07:52
{"result":{"model":{"rights_id":"a8lGIZLUnYpi1Et%2BkkaOsTzp2zdaySTT","send_url":"https:\/\/uland.taobao.com\/taolijin\/edetail?eh=6o%2BAIBK7FvaZuQF0XRz0iAXoB%2BDaBK5LQS0Flu%2FfbSp4QsdWMikAalrisGmre1Id0BFAqRODu12NOb8j9xJPUoVDD3FkyciT1%2FyRc8386VhL10wcj%2Fb1%2FiH6uqoYBiRTHmFkP3%2BVZhbhMLe%2ByTjXZENSLYZ0Y7qXDhdeMwwGQlMNPFgv0tpQ0SbEcvCyfFGMwDcCLNL9JQwzIFvsEXLyRM5L3gPiEfFz2rkTc6UMH9LptYcPb9Mkg6pUFomX9tyDjXNnT6gvjv0UaXUnsIA1uo2nmxfVvdVf8UWdNg6VcHrluAYBRglsbQ%3D%3D&union_lens=lensId%3A0b1b9533_0be9_16ef5b778d8_970c%3Btraffic_flag%3Dlm"},"success":true},"request_id":"px8lyu1zy9v9"}
2019-12-12 00:09:46
{"result":{"model":{"rights_id":"HwPqWc3XAAsodqwItnF5F4D0X04J4a2T","send_url":"https:\/\/uland.taobao.com\/taolijin\/edetail?eh=jHGUgA6tF5KZuQF0XRz0iAXoB%2BDaBK5LQS0Flu%2FfbSp4QsdWMikAalrisGmre1Id0BFAqRODu12X3eeBOnakWltWJNFMJdvW1%2FyRc8386VhL10wcj%2Fb1%2FiH6uqoYBiRTHmFkP3%2BVZhbhMLe%2ByTjXZENSLYZ0Y7qXDhdeMwwGQlMNPFgv0tpQ0SbEcvCyfFGMaM%2BrEA%2Fge4c3xOWXyFyLOJv5JU%2ByyOgU2rkTc6UMH9JYHQMDraQfixeULm0VQg2gp8PETDULigEUaXUnsIA1uo2nmxfVvdVf8UWdNg6VcHrluAYBRglsbQ%3D%3D&union_lens=lensId%3A0b89866f_0c25_16ef5b935b6_9853%3Btraffic_flag%3Dlm"},"success":true},"request_id":"3ohti05bs5i7"}
2019-12-12 00:11:57
{"result":{"model":{"rights_id":"6pn0VbMPFxnH%2FBplHI5iqjzp2zdaySTT","send_url":"https:\/\/uland.taobao.com\/taolijin\/edetail?eh=drKxFs21XdeZuQF0XRz0iAXoB%2BDaBK5LQS0Flu%2FfbSp4QsdWMikAalrisGmre1Id0BFAqRODu10MLBgYZ5RuL9jHsbkf4Z4Z1%2FyRc8386VhL10wcj%2Fb1%2FiH6uqoYBiRTHmFkP3%2BVZhbhMLe%2ByTjXZENSLYZ0Y7qXDhdeMwwGQlMNPFgv0tpQ0SbEcvCyfFGMwDcCLNL9JQz23xf3DjSBHcecB8Qea24Y2rkTc6UMH9LasvjPcLa6d0zVAspAl1J1qLlwpxbsJF0UaXUnsIA1uo2nmxfVvdVf8UWdNg6VcHrluAYBRglsbQ%3D%3D&union_lens=lensId%3A0b89866f_0c25_16ef5bb38a4_98c5%3Btraffic_flag%3Dlm"},"success":true},"request_id":"753im1k8xxg8"}
2019-12-12 00:14:09
{"result":{"model":{"rights_id":"QRvznxJeW1twyZQI%2F6GW7wKfm8KPAKKo","send_url":"https:\/\/uland.taobao.com\/taolijin\/edetail?eh=%2FIccxwkdceaZuQF0XRz0iAXoB%2BDaBK5LQS0Flu%2FfbSp4QsdWMikAalrisGmre1Id0BFAqRODu13rPK7%2FW%2F%2F1gQo0AcCP4T2B1%2FyRc8386VhL10wcj%2Fb1%2FiH6uqoYBiRTHmFkP3%2BVZhbhMLe%2ByTjXZENSLYZ0Y7qXDhdeMwwGQlMNPFgv0tpQ0SbEcvCyfFGMYrt%2BiWWmold0LPkyiTyf3YbtmtVyjHvh2rkTc6UMH9L0smnusGHg0cvpH28ZKFld2frzNq8brfsUaXUnsIA1uo2nmxfVvdVf8UWdNg6VcHrluAYBRglsbQ%3D%3D&union_lens=lensId%3A0b1b2013_0c53_16ef5bd3a1d_9618%3Btraffic_flag%3Dlm"},"success":true},"request_id":"ijf35bssqmr1"}
2019-12-12 00:16:46
{"result":{"model":{"rights_id":"qXBw0QDpnaePF7kTB6HGUTzp2zdaySTT","send_url":"https:\/\/uland.taobao.com\/taolijin\/edetail?eh=AJfTwSVbNMeZuQF0XRz0iAXoB%2BDaBK5LQS0Flu%2FfbSp4QsdWMikAalrisGmre1Id0BFAqRODu12b%2FNa2Ldcof%2BnGt8nRPhcR1%2FyRc8386VhL10wcj%2Fb1%2FiH6uqoYBiRTHmFkP3%2BVZhbhMLe%2ByTjXZENSLYZ0Y7qXDhdeMwwGQlMNPFgv0tpQ0SbEcvCyfFGMXi4fqlTHRLjd%2FDTk28DmHQjvCa%2BcvQR92rkTc6UMH9Kt2xwEWpbzsvhf0DBGHLY4C8AwWlxUS2cUaXUnsIA1uo2nmxfVvdVf8UWdNg6VcHqdSoYdoEE2iA%3D%3D&union_lens=lensId%3A0b086fc1_0bd0_16ef5bfa069_a8bc%3Btraffic_flag%3Dlm"},"success":true},"request_id":"5av8fpdgz55b"}
2019-12-12 00:19:50
{"result":{"model":{"rights_id":"bS14%2FSDpxb5E5167trjSfAKfm8KPAKKo","send_url":"https:\/\/uland.taobao.com\/taolijin\/edetail?eh=PFc2tNU%2FycaZuQF0XRz0iAXoB%2BDaBK5LQS0Flu%2FfbSp4QsdWMikAalrisGmre1Id0BFAqRODu11QTF%2FmHdrPgut3WtXk2z0c1%2FyRc8386VhL10wcj%2Fb1%2FiH6uqoYBiRTHmFkP3%2BVZhbhMLe%2ByTjXZENSLYZ0Y7qXDhdeMwwGQlMNPFgv0tpQ0SbEcvCyfFGM%2BVPDYomapZ9gSKvOsidqFs5L3gPiEfFz2rkTc6UMH9JmY%2Bf52OgIBk6GXJ35vCarlZjoEawJqF8UaXUnsIA1uo2nmxfVvdVf8UWdNg6VcHrluAYBRglsbQ%3D%3D&union_lens=lensId%3A0b89866f_0c25_16ef5c27001_9a88%3Btraffic_flag%3Dlm"},"success":true},"request_id":"6ha5z83dc4hw"}
2019-12-12 00:20:59
{"result":{"model":{"rights_id":"txTRZLLo%2BZpu60z83AyMDHQfk9LmPRVb","send_url":"https:\/\/uland.taobao.com\/taolijin\/edetail?eh=q250QUH4b86ZuQF0XRz0iAXoB%2BDaBK5LQS0Flu%2FfbSp4QsdWMikAalrisGmre1Id0BFAqRODu10KKKoRmqegkU4TFdEXNGdO1%2FyRc8386VhL10wcj%2Fb1%2FiH6uqoYBiRTHmFkP3%2BVZhbhMLe%2ByTjXZENSLYZ0Y7qXDhdeMwwGQlMNPFgv0tpQ0SbEcvCyfFGMzKOowleWeRD4D62mVbpQApmbX%2FWlw%2Bvp2rkTc6UMH9KEB4C3Dj1vbdb4MvO4AfARNj%2BjI8rRhQw7f6MHK0EbTkdCdBlJQJYs96pAZJXkeFLNa4fuEICbKUwNBUbTsArs&union_lens=lensId%3A0b0f8507_0c10_16ef5c37cba_90aa%3Btraffic_flag%3Dlm"},"success":true},"request_id":"6v5zp154fqz4"}
2019-12-12 00:31:18
{"result":{"model":{"rights_id":"v%2FsOmz9Ch8PM7st8Ryzl3dtN7m9cS4TU","send_url":"https:\/\/uland.taobao.com\/taolijin\/edetail?eh=5CRxelRggieZuQF0XRz0iAXoB%2BDaBK5LQS0Flu%2FfbSp4QsdWMikAalrisGmre1Id0BFAqRODu12x1Yr8g1qKZp6ll10oggLQ1%2FyRc8386VhL10wcj%2Fb1%2FiH6uqoYBiRTHmFkP3%2BVZhbhMLe%2ByTjXZENSLYZ0Y7qXDhdeMwwGQlMNPFgv0tpQ0SbEcvCyfFGMRYT%2BacOiZl0fwe3xeBj61BCMLkFKEzTD2rkTc6UMH9KfDTCEbzjLqp3CD%2FCZBt5ZMegSLZraYbw7f6MHK0EbTkdCdBlJQJYs96pAZJXkeFLNa4fuEICbKUwNBUbTsArs&union_lens=lensId%3A0b1ae412_0c80_16ef5ccef2e_a6d2%3Btraffic_flag%3Dlm"},"success":true},"request_id":"o5g2a31lb3uh"}
2019-12-12 00:35:26
{"result":{"model":{"rights_id":"txbI%2FS89%2FNddsh%2FZqF%2FYVDzp2zdaySTT","send_url":"https:\/\/uland.taobao.com\/taolijin\/edetail?eh=yLAAXXcOpS2ZuQF0XRz0iAXoB%2BDaBK5LQS0Flu%2FfbSp4QsdWMikAalrisGmre1Id0BFAqRODu12fUkwcmlgHEe0bTJe3wcvf1%2FyRc8386VhL10wcj%2Fb1%2FiH6uqoYBiRTHmFkP3%2BVZhbhMLe%2ByTjXZENSLYZ0Y7qXDhdeMwwGQlMNPFgv0tpQ0SbEcvCyfFGM%2BMRTyi4jk%2BGX%2FcwJg5TsRcRPnOq0NYg%2B2rkTc6UMH9J8duZ9kuYcqXbxcDh7VDe58tZM4kEvfcrcQrNyb0ac3hVaN9HlETXhasDqmcapORh%2BOHfs5nLQGA%3D%3D&union_lens=lensId%3A0b1af780_0c1e_16ef5d0b5ee_a490%3Btraffic_flag%3Dlm"},"success":true},"request_id":"qkq0bojyuzqr"}
2019-12-12 00:43:56
{"result":{"model":{"rights_id":"a%2BY6PgI%2FbMmqA89sY0R4i4fqzc1%2FN5i1","send_url":"https:\/\/uland.taobao.com\/taolijin\/edetail?eh=crhsuUIPN8qZuQF0XRz0iAXoB%2BDaBK5LQS0Flu%2FfbSp4QsdWMikAalrisGmre1Id0BFAqRODu10J0oj3c%2FrSlKEgV%2FkXo3ON1%2FyRc8386VhL10wcj%2Fb1%2FiH6uqoYBiRTHmFkP3%2BVZhbhMLe%2ByTjXZENSLYZ0Y7qXDhdeMwwGQlMNPFgv0tpQ0SbEcvCyfFGMYMCZKfGHfMEcXQks%2FyhC%2FQjvCa%2BcvQR92rkTc6UMH9JTkR5mgy5y2rqxwGj4ES4cWSeyf0QBYej%2BcBVGuURu7Y1J1dE2yfYoRYwpIuVYADdroXBFP6oz%2BA%3D%3D&union_lens=lensId%3A0b0b4eab_0c0b_16ef5d87f3b_a4b7%3Btraffic_flag%3Dlm"},"success":true},"request_id":"exz4pm5nc9wg"}
2019-12-12 00:55:36
{"result":{"model":{"rights_id":"7LAbtT0ZjOYJUMWEBtH7G4fqzc1%2FN5i1","send_url":"https:\/\/uland.taobao.com\/taolijin\/edetail?eh=Fv6xbybZBR%2BZuQF0XRz0iAXoB%2BDaBK5LQS0Flu%2FfbSp4QsdWMikAalrisGmre1Id0BFAqRODu11ApTD2kw6ABISxO%2BXG38jAof0SOZGWdl9OkvaB%2BEgm%2FnwE%2B6IL%2B7zclGJaMVQGdZZdBId2C46yq7B19VciFcbYM5r10Xcp%2B5x6RoNmdO6PyWNtGZBKkTeoT3QAyFP5cE5bLkrZnDWSm%2B9L02t3YMA5jjJp%2FTYF0aTYAnZBkgVMngmPpFvXxj11pheAqFMYGAzcQrNyb0ac3hVaN9HlETXhasDqmcapORh%2BOHfs5nLQGA%3D%3D&union_lens=lensId%3A0b0b4dca_0c4d_16ef5e32e81_b35d%3Btraffic_flag%3Dlm"},"success":true},"request_id":"4vfgirur2102"}
2019-12-12 19:57:52
{"result":{"model":{"rights_id":"pcSYnxHtFjkFX4Mj9VRrdAKfm8KPAKKo","send_url":"https:\/\/uland.taobao.com\/taolijin\/edetail?eh=LOB%2FF24MT6%2BZuQF0XRz0iAXoB%2BDaBK5LQS0Flu%2FfbSp4QsdWMikAalrisGmre1Id0BFAqRODu12CtmHiHZCnzm8r7aQoJ%2BuY1%2FyRc8386VhL10wcj%2Fb1%2FiH6uqoYBiRTHmFkP3%2BVZhbhMLe%2ByTjXZENSLYZ0Y7qXDhdeMwwGQlMNPFgv0tpQ0SbEcvCyfFGM%2Bk4oM5w2eBfOBk6LEe8XWQjvCa%2BcvQR95D7DL49y%2ByXsFjxARWmjcZJoWxF0cq4Sgd0%2FHzwYITz%2BcBVGuURu7Y1J1dE2yfYoRYwpIuVYADcCGruttYDvNg%3D%3D&union_lens=lensId%3A0b14f38a_0c20_16ef9f8f4a9_905c%3Btraffic_flag%3Dlm"},"success":true},"request_id":"7tblboikcxjs"}
2019-12-12 20:33:02
{"result":{"model":{"rights_id":"dvuvZooYMEj%2FvHoPZ7OP3oD0X04J4a2T","send_url":"https:\/\/uland.taobao.com\/taolijin\/edetail?eh=EKQrnBUwjNqZuQF0XRz0iAXoB%2BDaBK5LQS0Flu%2FfbSp4QsdWMikAalrisGmre1Id0BFAqRODu12Gf2sYOV3hySPFe6z603p31%2FyRc8386VhL10wcj%2Fb1%2FiH6uqoYBiRTHmFkP3%2BVZhbhMLe%2ByTjXZENSLYZ0Y7qXDhdeMwwGQlMNPFgv0tpQ0SbEcvCyfFGMqntvqcOKY3OmLvI4BdxdxZv5JU%2ByyOgU5D7DL49y%2ByXWZL%2FMtJbvEJa8Eoq7QBgVo3pNMQ8ps4sUaXUnsIA1uo2nmxfVvdVf8UWdNg6VcHqdSoYdoEE2iA%3D%3D&union_lens=lensId%3A0bb793a8_0c17_16efa1928bd_8b6a%3Btraffic_flag%3Dlm"},"success":true},"request_id":"53fygcw2q308"}
2019-12-12 22:15:00
{"result":{"model":{"rights_id":"nzU%2FeaI4NpcdrCdsk6ndvnQfk9LmPRVb","send_url":"https:\/\/uland.taobao.com\/taolijin\/edetail?eh=8aE%2FAJNzha6ZuQF0XRz0iAXoB%2BDaBK5LQS0Flu%2FfbSp4QsdWMikAalrisGmre1Id0BFAqRODu13Xj95CwwPQ6chG900AUrrQ1%2FyRc8386VhL10wcj%2Fb1%2FiH6uqoYBiRTHmFkP3%2BVZhbhMLe%2ByTjXZENSLYZ0Y7qXDhdeMwwGQlMNPFgv0tpQ0SbEcvCyfFGMbbmSdzNmWLkcTpeqbIY2fMecB8Qea24Y5D7DL49y%2ByUT6SsY5X8JoBTnnbZU8bcm5KiTCdtUCmc7f6MHK0EbTkdCdBlJQJYs96pAZJXkeFLNa4fuEICbKUwNBUbTsArs&union_lens=lensId%3A0b1b9431_0c98_16efa76829d_1404%3Btraffic_flag%3Dlm"},"success":true},"request_id":"p3uhxyo5ddkz"}
2019-12-12 22:19:06
{"result":{"model":{"rights_id":"gYpLnRTx2kFrFrDEcWgcSdtN7m9cS4TU","send_url":"https:\/\/uland.taobao.com\/taolijin\/edetail?eh=loMh3%2F3%2BrVWZuQF0XRz0iAXoB%2BDaBK5LQS0Flu%2FfbSp4QsdWMikAalrisGmre1Id0BFAqRODu1052XHgVUc5PD7vt05GBgT%2B1%2FyRc8386VhL10wcj%2Fb1%2FiH6uqoYBiRTHmFkP3%2BVZhbhMLe%2ByTjXZENSLYZ0Y7qXDhdeMwwGQlMNPFgv0tpQ0SbEcvCyfFGMqntvqcOKY3Mdar%2BO6F5zHgjvCa%2BcvQR95D7DL49y%2ByUDmpzUQIzrpiyGBfkOhQoEE754ao%2Fh9HI7f6MHK0EbTkdCdBlJQJYs96pAZJXkeFLNa4fuEICbKUwNBUbTsArs&union_lens=lensId%3A0b1b9533_0be9_16efa7a433e_b012%3Btraffic_flag%3Dlm"},"success":true},"request_id":"4uqrxkbec6pg"}
2019-12-12 23:09:41
{"result":{"model":{"rights_id":"YWr34p%2FEnceGQIF1y7QBgrP4QQhfWSYC","send_url":"https:\/\/uland.taobao.com\/taolijin\/edetail?eh=JLIgzO64eYiZuQF0XRz0iAXoB%2BDaBK5LQS0Flu%2FfbSp4QsdWMikAalrisGmre1Id0BFAqRODu11fG2ONwesV4lbQbDPI3Sj01%2FyRc8386VhL10wcj%2Fb1%2FiH6uqoYBiRTHmFkP3%2BVZhbhMLe%2ByTjXZENSLYZ0Y7qXDhdeMwwGQlMNPFgv0tpQ0SbEcvCyfFGMVBqTB8VUI4tHZVNxfrnyMsecB8Qea24Y5D7DL49y%2ByVDP12fjQ5j9GeqSlYkF0xQhP%2Bcs67oOS0UaXUnsIA1uo2nmxfVvdVf8UWdNg6VcHrluAYBRglsbQ%3D%3D&union_lens=lensId%3A0b1b7c16_0c0e_16efaa892b2_c380%3Btraffic_flag%3Dlm"},"success":true},"request_id":"evydnpvy2owi"}
2019-12-13 21:24:12
{"result":{"msg_code":"FAIL_BIZ_ITEM_FORBIDDEN","msg_info":"该商品不支持创建淘礼金红包，了解详细规则：https:\/\/mo.re.taobao.com\/page_201905042138222","success":false},"request_id":"169dfh9nn8q9m"}
2019-12-13 23:40:36
{"result":{"model":{"rights_id":"5JgbyUV8N8PIl8O1SUgH6Tzp2zdaySTT","send_url":"https:\/\/uland.taobao.com\/taolijin\/edetail?eh=7aA59sukiwyZuQF0XRz0iAXoB%2BDaBK5LQS0Flu%2FfbSp4QsdWMikAalrisGmre1Id0BFAqRODu10Ud4gacqb8ItrNalrxYhI%2B1%2FyRc8386VhL10wcj%2Fb1%2FiH6uqoYBiRTHmFkP3%2BVZhbhMLe%2ByTjXZENSLYZ0Y7qXDhdeMwwGQlMNPFgv0tpQ0SbEcvCyfFGMFYH2TMquBd6vlSzANq%2BemM5L3gPiEfFzw24A00VEQbP3zfmC9sMHtL1mySzyHR%2BT3UPCiCtNADwUaXUnsIA1uo2nmxfVvdVf8UWdNg6VcHrluAYBRglsbQ%3D%3D&union_lens=lensId%3A0baf51f5_0c06_16effeb3b3f_9465%3Btraffic_flag%3Dlm"},"success":true},"request_id":"f6rls29e8sdc"}
2019-12-14 21:47:22
{"result":{"model":{"rights_id":"wzdrsd%2FNl79wB5NhW%2FHpYiMMIHEJMzAA","send_url":"https:\/\/uland.taobao.com\/taolijin\/edetail?eh=X9NxMPDy5JOZuQF0XRz0iAXoB%2BDaBK5LQS0Flu%2FfbSp4QsdWMikAalrisGmre1Id0BFAqRODu138WBJ1ea%2F0cdJC62GOOJN11%2FyRc8386VhL10wcj%2Fb1%2FiH6uqoYBiRTHmFkP3%2BVZhbhMLe%2ByTjXZENSLYZ0Y7qXDhdeMwwGQlMNPFgv0tpQ0SbEcvCyfFGMaYlU3Xpr%2Bpb8W646fj2QApmbX%2FWlw%2Bvpw24A00VEQbPMtsoPMV2mYPK1Tqc7b5meAUhJpTCaNB4UaXUnsIA1uo2nmxfVvdVf8UWdNg6VcHrluAYBRglsbQ%3D%3D&union_lens=lensId%3A0b1af780_0c1e_16f04a9f0d1_aa71%3Btraffic_flag%3Dlm"},"success":true},"request_id":"sluv4d3nme2e"}
2019-12-15 18:33:51
{"result":{"model":{"rights_id":"AuCKP6AGPC9uDJ%2BnWMmdhiMMIHEJMzAA","send_url":"https:\/\/uland.taobao.com\/taolijin\/edetail?eh=OKoylxHZvm6ZuQF0XRz0iAXoB%2BDaBK5LQS0Flu%2FfbSp4QsdWMikAalrisGmre1Id0BFAqRODu11LH5qVI2XFpbIMfPtk3Psd1%2FyRc8386VhL10wcj%2Fb1%2FiH6uqoYBiRTHmFkP3%2BVZhbhMLe%2ByTjXZENSLYZ0Y7qXDhdeMwwGQlMNPFgv0tpQ0SbEcvCyfFGMq8FezF01JUdBHuVIeL2GwZHH8ZHIGXpS9khB7iz6o9dx1hzgQPZ52jIZOJdUf3L44xNe%2FOdEVfgUaXUnsIA1uo2nmxfVvdVf8UWdNg6VcHqdSoYdoEE2iA%3D%3D&union_lens=lensId%3A0b1b9533_0be9_16f091f21df_4ac6%3Btraffic_flag%3Dlm"},"success":true},"request_id":"exz1plf2ok8b"}
2019-12-15 22:17:45
{"result":{"model":{"rights_id":"aUAOusW80V0lRGDonOoTlrP4QQhfWSYC","send_url":"https:\/\/uland.taobao.com\/taolijin\/edetail?eh=lFye9SsUqAyZuQF0XRz0iAXoB%2BDaBK5LQS0Flu%2FfbSp4QsdWMikAalrisGmre1Id0BFAqRODu137zOgqCQwC43bXHvGeMPqs1%2FyRc8386VhL10wcj%2Fb1%2FiH6uqoYBiRTHmFkP3%2BVZhbhMLe%2ByTjXZENSLYZ0Y7qXDhdeMwwGQlMNPFgv0tpQ0SbEcvCyfFGM%2BVPDYomapZ%2FxaPLiynHT%2Fc5L3gPiEfFz9khB7iz6o9cefJbKLb2JgrnQEq1oVLPOqupgvMUGMa0UaXUnsIA1uo2nmxfVvdVf8UWdNg6VcHrluAYBRglsbQ%3D%3D&union_lens=lensId%3A0b1b2013_0c53_16f09ec1a25_67ca%3Btraffic_flag%3Dlm"},"success":true},"request_id":"kszc67s3c4w7"}
2019-12-16 19:10:12
{"result":{"model":{"rights_id":"Le80hA%2B6kSX7uUYsV16hEQMKr0KtV%2B1W","send_url":"https:\/\/uland.taobao.com\/taolijin\/edetail?eh=UF6bR7zVZqyZuQF0XRz0iAXoB%2BDaBK5LQS0Flu%2FfbSp4QsdWMikAalrisGmre1Id0BFAqRODu12TZuzE13d9OkMw7mqDsBDD1%2FyRc8386VhL10wcj%2Fb1%2FiH6uqoYBiRTHmFkP3%2BVZhbhMLe%2ByTjXZENSLYZ0Y7qXDhdeMwwGQlMNPFgv0tpQ0SbEcvCyfFGMwGYm1bvAxBAHYs2l9U0bngjvCa%2BcvQR99khB7iz6o9cHmDfuRK%2B%2BQ%2BrKzPJl6%2BDA1wtkE%2Bys7QEUaXUnsIA1uo2nmxfVvdVf8UWdNg6VcHrluAYBRglsbQ%3D%3D&union_lens=lensId%3A0b0f9883_0c39_16f0e66c25b_2d43%3Btraffic_flag%3Dlm"},"success":true},"request_id":"4jk7sstp8jxr"}
