2019-12-17 00:32:44
{"data":{"model":"￥9Y4QYAxBp4N￥"},"request_id":"5rtnxs800s95"}
2019-12-17 00:33:21
{"data":{"model":"￥YBMxYAxBB3L￥"},"request_id":"4tjzsh82ov2w"}
2019-12-17 00:33:40
{"data":{"model":"￥2LT9YAxzXns￥"},"request_id":"3nrr5idbpnql"}
2019-12-17 00:38:37
{"data":{"model":"￥CbjBYACaWGY￥"},"request_id":"bhyb6le0470h"}
2019-12-17 00:38:44
{"data":{"model":"￥O1uVYACal5I￥"},"request_id":"4lxcr8o2xj8w"}
2019-12-17 00:55:33
{"data":{"model":"￥DiO7YACc7Oa￥"},"request_id":"e9up4wqkh1gi"}
2019-12-17 00:56:26
{"data":{"model":"￥bye4YACcFbb￥"},"request_id":"4jkqijtazw5a"}
2019-12-17 00:59:45
{"data":{"model":"￥i68fYACXKWe￥"},"request_id":"ujy5ojg74rfr"}
2019-12-17 01:06:14
{"data":{"model":"￥1V9dYACdCn7￥"},"request_id":"bebcu3pmtf47"}
2019-12-17 01:08:35
{"data":{"model":"￥wwmzYACWObQ￥"},"request_id":"10enyv6jt035o"}
2019-12-18 00:51:10
{"data":{"model":"￥zB411aeLQQE￥"},"request_id":"sq34l0jdvmt5"}
2019-12-18 00:56:08
{"data":{"model":"￥ISjG1aepzeF￥"},"request_id":"3vpe76rh71u8"}
